<?xml version="1.0" encoding="UTF-8"?>
<testsuite xmlns:xsi="http://www.w3.org/2001/XMLSchema-instance" xsi:noNamespaceSchemaLocation="https://maven.apache.org/surefire/maven-surefire-plugin/xsd/surefire-test-report-3.0.xsd" version="3.0" name="bank.BankAccountTests" time="0.034" tests="6" errors="0" skipped="0" failures="0">
  <properties>
    <property name="java.specification.version" value="21"/>
    <property name="sun.cpu.isalist" value="amd64"/>
    <property name="sun.jnu.encoding" value="Cp1252"/>
    <property name="java.class.path" value="C:\Users\gtraczyk\AppData\Local\Temp\codeai-test-2080286837588085634\target\test-classes;C:\Users\gtraczyk\AppData\Local\Temp\codeai-test-2080286837588085634\target\classes;C:\Users\gtraczyk\OneDrive - Capgemini\Documents\repo\ai\assembly\target\tmp\org\junit\jupiter\junit-jupiter-engine\5.7.0\junit-jupiter-engine-5.7.0.jar;C:\Users\gtraczyk\OneDrive - Capgemini\Documents\repo\ai\assembly\target\tmp\org\apiguardian\apiguardian-api\1.1.0\apiguardian-api-1.1.0.jar;C:\Users\gtraczyk\OneDrive - Capgemini\Documents\repo\ai\assembly\target\tmp\org\junit\platform\junit-platform-engine\1.7.0\junit-platform-engine-1.7.0.jar;C:\Users\gtraczyk\OneDrive - Capgemini\Documents\repo\ai\assembly\target\tmp\org\opentest4j\opentest4j\1.2.0\opentest4j-1.2.0.jar;C:\Users\gtraczyk\OneDrive - Capgemini\Documents\repo\ai\assembly\target\tmp\org\junit\platform\junit-platform-commons\1.7.0\junit-platform-commons-1.7.0.jar;C:\Users\gtraczyk\OneDrive - Capgemini\Documents\repo\ai\assembly\target\tmp\org\junit\jupiter\junit-jupiter-api\5.7.0\junit-jupiter-api-5.7.0.jar;"/>
    <property name="java.vm.vendor" value="Oracle Corporation"/>
    <property name="sun.arch.data.model" value="64"/>
    <property name="user.variant" value=""/>
    <property name="java.vendor.url" value="https://java.oracle.com/"/>
    <property name="user.timezone" value="Europe/Warsaw"/>
    <property name="os.name" value="Windows 11"/>
    <property name="java.vm.specification.version" value="21"/>
    <property name="sun.java.launcher" value="SUN_STANDARD"/>
    <property name="user.country" value="US"/>
    <property name="sun.boot.library.path" value="C:\swdtool\jdk-21.0.1\bin"/>
    <property name="sun.java.command" value="C:\Users\gtraczyk\AppData\Local\Temp\surefire1924008967461728026\surefirebooter-20240705075018420_3.jar C:\Users\gtraczyk\AppData\Local\Temp\surefire1924008967461728026 2024-07-05T07-50-18_183-jvmRun1 surefire-20240705075018420_1tmp surefire_0-20240705075018420_2tmp"/>
    <property name="jdk.debug" value="release"/>
    <property name="surefire.test.class.path" value="C:\Users\gtraczyk\AppData\Local\Temp\codeai-test-2080286837588085634\target\test-classes;C:\Users\gtraczyk\AppData\Local\Temp\codeai-test-2080286837588085634\target\classes;C:\Users\gtraczyk\OneDrive - Capgemini\Documents\repo\ai\assembly\target\tmp\org\junit\jupiter\junit-jupiter-engine\5.7.0\junit-jupiter-engine-5.7.0.jar;C:\Users\gtraczyk\OneDrive - Capgemini\Documents\repo\ai\assembly\target\tmp\org\apiguardian\apiguardian-api\1.1.0\apiguardian-api-1.1.0.jar;C:\Users\gtraczyk\OneDrive - Capgemini\Documents\repo\ai\assembly\target\tmp\org\junit\platform\junit-platform-engine\1.7.0\junit-platform-engine-1.7.0.jar;C:\Users\gtraczyk\OneDrive - Capgemini\Documents\repo\ai\assembly\target\tmp\org\opentest4j\opentest4j\1.2.0\opentest4j-1.2.0.jar;C:\Users\gtraczyk\OneDrive - Capgemini\Documents\repo\ai\assembly\target\tmp\org\junit\platform\junit-platform-commons\1.7.0\junit-platform-commons-1.7.0.jar;C:\Users\gtraczyk\OneDrive - Capgemini\Documents\repo\ai\assembly\target\tmp\org\junit\jupiter\junit-jupiter-api\5.7.0\junit-jupiter-api-5.7.0.jar;"/>
    <property name="sun.cpu.endian" value="little"/>
    <property name="maven.compiler.source" value="1.8"/>
    <property name="user.home" value="C:\Users\gtraczyk"/>
    <property name="user.language" value="en"/>
    <property name="java.specification.vendor" value="Oracle Corporation"/>
    <property name="java.version.date" value="2023-10-17"/>
    <property name="java.home" value="C:\swdtool\jdk-21.0.1"/>
    <property name="file.separator" value="\"/>
    <property name="basedir" value="C:\Users\gtraczyk\AppData\Local\Temp\codeai-test-2080286837588085634"/>
    <property name="java.vm.compressedOopsMode" value="32-bit"/>
    <property name="line.separator" value="&#10;"/>
    <property name="java.vm.specification.vendor" value="Oracle Corporation"/>
    <property name="java.specification.name" value="Java Platform API Specification"/>
    <property name="surefire.real.class.path" value="C:\Users\gtraczyk\AppData\Local\Temp\surefire1924008967461728026\surefirebooter-20240705075018420_3.jar"/>
    <property name="maven.compiler.release" value="8"/>
    <property name="user.script" value=""/>
    <property name="sun.management.compiler" value="HotSpot 64-Bit Tiered Compilers"/>
    <property name="java.runtime.version" value="21.0.1+12-29"/>
    <property name="user.name" value="gtraczyk"/>
    <property name="stdout.encoding" value="Cp1252"/>
    <property name="path.separator" value=";"/>
    <property name="os.version" value="10.0"/>
    <property name="java.runtime.name" value="OpenJDK Runtime Environment"/>
    <property name="file.encoding" value="UTF-8"/>
    <property name="java.vm.name" value="OpenJDK 64-Bit Server VM"/>
    <property name="localRepository" value="C:\Users\gtraczyk\OneDrive - Capgemini\Documents\repo\ai\assembly\target\tmp"/>
    <property name="java.vendor.url.bug" value="https://bugreport.java.com/bugreport/"/>
    <property name="java.io.tmpdir" value="C:\Users\gtraczyk\AppData\Local\Temp\"/>
    <property name="java.version" value="21.0.1"/>
    <property name="user.dir" value="C:\Users\gtraczyk\AppData\Local\Temp\codeai-test-2080286837588085634"/>
    <property name="os.arch" value="amd64"/>
    <property name="java.vm.specification.name" value="Java Virtual Machine Specification"/>
    <property name="sun.os.patch.level" value=""/>
    <property name="native.encoding" value="Cp1252"/>
    <property name="maven.compiler.target" value="1.8"/>
    <property name="java.library.path" value="C:\swdtool\jdk-21.0.1\bin;C:\WINDOWS\Sun\Java\bin;C:\WINDOWS\system32;C:\WINDOWS;C:\WINDOWS\system32;C:\WINDOWS;C:\WINDOWS\System32\Wbem;C:\WINDOWS\System32\WindowsPowerShell\v1.0\;C:\WINDOWS\System32\OpenSSH\;C:\Program Files\Git\cmd;C:\Program Files\dotnet\;C:\swdtool\jdk-21.0.1\bin;C:\swdtool\apache-maven-3.9.6\bin;C:\Program Files\MySQL\MySQL Shell 8.0\bin\;C:\Users\gtraczyk\AppData\Local\Microsoft\WindowsApps;C:\Users\gtraczyk\OneDrive - Capgemini\Documents\drivers\apache-maven-3.8.5\bin;C:\Users\gtraczyk\.dotnet\tools;C:\Users\gtraczyk\AppData\Local\Programs\Microsoft VS Code\bin;C:\Users\gtraczyk\AppData\Local\gitkraken\bin;C:\Users\gtraczyk\AppData\Local\Microsoft\WindowsApps;C:\swdtool\jdk-21.0.1\bin;C:\swdtool\apache-maven-3.9.6\bin;;."/>
    <property name="java.vm.info" value="mixed mode, sharing"/>
    <property name="stderr.encoding" value="Cp1252"/>
    <property name="java.vendor" value="Oracle Corporation"/>
    <property name="java.vm.version" value="21.0.1+12-29"/>
    <property name="sun.io.unicode.encoding" value="UnicodeLittle"/>
    <property name="maven.repo.local" value="C:\Users\gtraczyk\OneDrive - Capgemini\Documents\repo\ai\assembly\target\tmp"/>
    <property name="java.class.version" value="65.0"/>
  </properties>
  <testcase name="testToString" classname="bank.BankAccountTests" time="0.002"/>
  <testcase name="testWithdraw" classname="bank.BankAccountTests" time="0.002"/>
  <testcase name="testGetBalance" classname="bank.BankAccountTests" time="0.002"/>
  <testcase name="testGetAmount" classname="bank.BankAccountTests" time="0.003"/>
  <testcase name="testDeposit" classname="bank.BankAccountTests" time="0.004"/>
  <testcase name="testSetBalance" classname="bank.BankAccountTests" time="0.006"/>
</testsuite>